<?xml version="1.0" encoding="UTF-8"?>
<!-- Generated by org.testng.reporters.JUnitXMLReporter -->
<testsuite ignored="0" hostname="LAPTOP-NOVJUDVT" failures="0" tests="4" name="Default test" time="5.531" errors="0" timestamp="2023-04-12T18:04:20 EDT">
  <testcase classname="demo.CapstoneApi" name="createUser" time="2.713"/>
  <testcase classname="demo.CapstoneApi" name="verifyUser" time="0.941"/>
  <testcase classname="demo.CapstoneApi" name="updateRespurce" time="0.499"/>
  <testcase classname="demo.CapstoneApi" name="deleteUser" time="1.018"/>
</testsuite> <!-- Default test -->
