<?xml version="1.0" encoding="UTF-8"?>
<testng-results ignored="0" total="4" passed="4" failed="0" skipped="0">
  <reporter-output>
  </reporter-output>
  <suite started-at="2023-04-12T18:04:14 EDT" name="Default suite" finished-at="2023-04-12T18:04:20 EDT" duration-ms="5531">
    <groups>
    </groups>
    <test started-at="2023-04-12T18:04:14 EDT" name="Default test" finished-at="2023-04-12T18:04:20 EDT" duration-ms="5531">
      <class name="demo.CapstoneApi">
        <test-method is-config="true" signature="createPayLoad()[pri:0, instance:demo.CapstoneApi@28975c28]" started-at="2023-04-12T18:04:14 EDT" name="createPayLoad" finished-at="2023-04-12T18:04:15 EDT" duration-ms="313" status="PASS">
          <reporter-output>
          </reporter-output>
        </test-method> <!-- createPayLoad -->
        <test-method signature="createUser()[pri:0, instance:demo.CapstoneApi@28975c28]" started-at="2023-04-12T18:04:15 EDT" name="createUser" finished-at="2023-04-12T18:04:17 EDT" duration-ms="2713" status="PASS">
          <reporter-output>
          </reporter-output>
        </test-method> <!-- createUser -->
        <test-method signature="verifyUser()[pri:1, instance:demo.CapstoneApi@28975c28]" started-at="2023-04-12T18:04:17 EDT" name="verifyUser" finished-at="2023-04-12T18:04:18 EDT" duration-ms="941" status="PASS">
          <reporter-output>
          </reporter-output>
        </test-method> <!-- verifyUser -->
        <test-method signature="updateRespurce()[pri:2, instance:demo.CapstoneApi@28975c28]" started-at="2023-04-12T18:04:18 EDT" name="updateRespurce" finished-at="2023-04-12T18:04:19 EDT" duration-ms="499" status="PASS">
          <reporter-output>
          </reporter-output>
        </test-method> <!-- updateRespurce -->
        <test-method signature="deleteUser()[pri:3, instance:demo.CapstoneApi@28975c28]" started-at="2023-04-12T18:04:19 EDT" name="deleteUser" finished-at="2023-04-12T18:04:20 EDT" duration-ms="1018" status="PASS">
          <reporter-output>
          </reporter-output>
        </test-method> <!-- deleteUser -->
      </class> <!-- demo.CapstoneApi -->
    </test> <!-- Default test -->
  </suite> <!-- Default suite -->
</testng-results>
